\BOOKMARK [1][-]{section.1}{\376\377\000L\000e\000c\000t\000u\000r\000e\000\040\0001}{}% 1
\BOOKMARK [1][-]{section.2}{\376\377\000L\000e\000c\000t\000u\000r\000e\000\040\0002}{}% 2
\BOOKMARK [2][-]{subsection.2.1}{\376\377\213\376\130\002\126\336\230\176}{section.2}% 3
\BOOKMARK [2][-]{subsection.2.2}{\376\377\142\225\137\161\167\351\226\065\000\040\000\046\000\040\000N\000o\000r\000m\000a\000l\000\040\000E\000q\000u\000a\000t\000i\000o\000n}{section.2}% 4
\BOOKMARK [2][-]{subsection.2.3}{\376\377\130\236\122\240\145\260\166\204\145\160\143\156\000\050\150\067\147\054\145\160\000\040\000o\000r\000\040\162\171\137\201\176\364\136\246\000\051}{section.2}% 5
\BOOKMARK [2][-]{subsection.2.4}{\376\377\116\272\135\345\146\172\200\375\166\204\155\101\155\076}{section.2}% 6
\BOOKMARK [2][-]{subsection.2.5}{\376\377\116\272\201\070\213\306\122\053}{section.2}% 7
\BOOKMARK [1][-]{section.3}{\376\377\000L\000e\000c\000t\000u\000r\000e\000\040\0003}{}% 8
\BOOKMARK [1][-]{section.4}{\376\377\000L\000e\000c\000t\000u\000r\000e\000\040\0004}{}% 9
\BOOKMARK [2][-]{subsection.4.1}{\376\377\000E\000x\000a\000m\000p\000l\000e\000\040\0001\000.\000\040\000B\000e\000r\000n\000o\000u\000l\000l\000i}{section.4}% 10
\BOOKMARK [2][-]{subsection.4.2}{\376\377\000E\000x\000a\000m\000p\000l\000e\000\040\0002\000.\000\040\000G\000a\000u\000s\000s\000i\000a\000n}{section.4}% 11
\BOOKMARK [2][-]{subsection.4.3}{\376\377\000E\000x\000a\000m\000p\000l\000e\000\040\0003\000.\000\040\000L\000i\000n\000e\000a\000r\000\040\000R\000e\000g\000r\000e\000s\000s\000i\000o\000n}{section.4}% 12
\BOOKMARK [2][-]{subsection.4.4}{\376\377\000E\000x\000a\000m\000p\000l\000e\000\040\0004\000.\000\040\000L\000o\000g\000i\000s\000t\000i\000c\000\040\000R\000e\000g\000r\000e\000s\000s\000i\000o\000n}{section.4}% 13
\BOOKMARK [1][-]{section.5}{\376\377\000L\000e\000c\000t\000u\000r\000e\000\040\0005}{}% 14
\BOOKMARK [2][-]{subsection.5.1}{\376\377\000R\000e\000v\000i\000e\000w\000:\000\040\000M\000L\000E\000\040\000/\000\040\000M\000A\000P\000\040\000/\000\040\000B\000a\000y\000e\000s\000i\000a\000n}{section.5}% 15
\BOOKMARK [2][-]{subsection.5.2}{\376\377\000L\000o\000g\000i\000s\000t\000i\000c\000\040\000R\000e\000g\000r\000e\000s\000s\000i\000o\000n\000\050\220\073\217\221\145\257\204\202\126\336\137\122\000\051}{section.5}% 16
\BOOKMARK [2][-]{subsection.5.3}{\376\377\000P\000e\000r\000c\000e\000p\000t\000r\000o\000n\000\050\141\037\167\345\147\072\000\051}{section.5}% 17
\BOOKMARK [2][-]{subsection.5.4}{\376\377\000G\000e\000n\000e\000r\000a\000t\000i\000v\000e\000\040\000C\000l\000a\000s\000s\000i\000f\000i\000c\000a\000t\000i\000o\000n\000\040\000M\000o\000d\000e\000l}{section.5}% 18
\BOOKMARK [2][-]{subsection.5.5}{\376\377\117\134\116\032\000\040}{section.5}% 19
\BOOKMARK [1][-]{section.6}{\376\377\000L\000e\000c\000t\000u\000r\000e\000\040\0006}{}% 20
\BOOKMARK [2][-]{subsection.6.1}{\376\377\147\064\175\040\215\035\123\366\145\257\000\040\000N\000B}{section.6}% 21
\BOOKMARK [3][-]{subsubsection.6.1.1}{\376\377\123\237\164\006\116\016\152\041\127\213}{subsection.6.1}% 22
\BOOKMARK [3][-]{subsubsection.6.1.2}{\376\377\173\227\154\325}{subsection.6.1}% 23
\BOOKMARK [3][-]{subsubsection.6.1.3}{\376\377\134\017\176\323\377\032\116\247\165\037\137\017\000p\000\050\000y\000|\000x\000\051\000\040\000v\000s\000.\000\040\122\044\122\053\137\017\000p\000\050\000x\000,\000y\000\051}{subsection.6.1}% 24
\BOOKMARK [2][-]{subsection.6.2}{\376\377\215\035\123\366\145\257\133\146\116\140}{section.6}% 25
\BOOKMARK [1][-]{section.7}{\376\377\000L\000e\000c\000t\000u\000r\000e\000\040\0007}{}% 26
\BOOKMARK [2][-]{subsection.7.1}{\376\377\162\304\122\051\121\113\226\367\122\006\136\003}{section.7}% 27
\BOOKMARK [3][-]{subsubsection.7.1.1}{\376\377\116\214\230\171\122\006\136\003}{subsection.7.1}% 28
\BOOKMARK [3][-]{subsubsection.7.1.2}{\376\377\131\032\230\171\122\006\136\003}{subsection.7.1}% 29
\BOOKMARK [3][-]{subsubsection.7.1.3}{\376\377\215\035\130\124\122\006\136\003}{subsection.7.1}% 30
\BOOKMARK [3][-]{subsubsection.7.1.4}{\376\377\162\304\122\051\121\113\226\367\122\006\136\003}{subsection.7.1}% 31
\BOOKMARK [3][-]{subsubsection.7.1.5}{\376\377\121\161\217\155\121\110\232\214}{subsection.7.1}% 32
\BOOKMARK [2][-]{subsection.7.2}{\376\377\000M\000L\000E\000/\000M\000A\000P\000/\000B\000a\000y\000e\000s\000i\000a\000n\000\040\000L\000e\000a\000r\000n\000i\000n\000g\377\032\131\032\122\006\174\173}{section.7}% 33
\BOOKMARK [2][-]{subsection.7.3}{\376\377\000B\000e\000r\000n\000o\000u\000l\000l\000i\000\040\000M\000i\000x\000t\000u\000r\000e\000\040\000M\000o\000d\000e\000l}{section.7}% 34
\BOOKMARK [3][-]{subsubsection.7.3.1}{\376\377\155\367\124\010\152\041\127\213\166\204\136\224\165\050}{subsection.7.3}% 35
\BOOKMARK [3][-]{subsubsection.7.3.2}{\376\377\116\214\176\364\117\057\122\252\122\051\122\006\136\003\166\204\155\367\124\010\152\041\127\213}{subsection.7.3}% 36
\BOOKMARK [3][-]{subsubsection.7.3.3}{\376\377\155\367\124\010\174\373\145\160\000k\166\204\154\102\211\343}{subsection.7.3}% 37
\BOOKMARK [2][-]{subsection.7.4}{\376\377\000E\000M\173\227\154\325}{section.7}% 38
\BOOKMARK [1][-]{section.8}{\376\377\000L\000e\000c\000t\000u\000r\000e\000\040\0008}{}% 39
\BOOKMARK [2][-]{subsection.8.1}{\376\377\000E\000M\173\227\154\325}{section.8}% 40
\BOOKMARK [2][-]{subsection.8.2}{\376\377\116\044\116\052\117\213\133\120}{section.8}% 41
